[17505][1634141865708][main][info]["Booting Postman 8.12.4, linux-5.11.0-16-generic on x64"]
[17505][1634141865711][main][info]["EventBus~initialize - Success"]
[17505][1634141865713][main][info]["Proxy configuration has not been setup"]
[17505][1634141865714][main][info]["CloudProxyManager~init - Success"]
[17505][1634141865721][main][info]["UpdateHandler~init - Success"]
[17505][1634141865972][main][info]["RuntimeIPCAgent~started: Success"]
[17505][1634141865974][main][info]["LeaderSelection: Initialized successfully"]
[17505][1634141866042][main][info]["LinuxAutoUpdater~Cleanup - Initial cleanup successful"]
[17505][1634141866099][main][info]["GPU detected VID 4098 DID 5686 ACTIVE true"]
[17505][1634141866140][main][info]["Bootstrap-models~bootstrap - Success"]
[17505][1634141866276][main][info]["window-manager~newSharedWindow: Shell loaded"]
[17505][1634141868740][main][info]["Main~AppEvents - Received booted event for process shared"]
[17505][1634141871136][main][info]["UpdateHandler~app-update-events - Received event",{"name":"checkForElectronVersionUpdated","namespace":"appUpdate"}]
[17505][1634141871153][main][info]["Main~AppEvents - Received booted event for process scratchpad"]
[16130][1634242163883][main][info]["Booting Postman 8.12.4, linux-5.13.0-19-generic on x64"]
[16130][1634242163886][main][info]["EventBus~initialize - Success"]
[16130][1634242163889][main][info]["Proxy configuration has not been setup"]
[16130][1634242163890][main][info]["CloudProxyManager~init - Success"]
[16130][1634242163898][main][info]["UpdateHandler~init - Success"]
[16130][1634242164333][main][info]["RuntimeIPCAgent~started: Success"]
[16130][1634242164338][main][info]["LeaderSelection: Initialized successfully"]
[16130][1634242164454][main][info]["LinuxAutoUpdater~Cleanup - Initial cleanup successful"]
[16130][1634242164489][main][info]["GPU detected VID 4098 DID 5686 ACTIVE true"]
[16130][1634242164521][main][info]["Bootstrap-models~bootstrap - Success"]
[16130][1634242164742][main][info]["window-manager~newSharedWindow: Shell loaded"]
[16130][1634242167654][main][info]["Main~AppEvents - Received booted event for process shared"]
[16130][1634242171212][main][info]["UpdateHandler~app-update-events - Received event",{"name":"checkForElectronVersionUpdated","namespace":"appUpdate"}]
[16130][1634242171235][main][info]["Main~AppEvents - Received booted event for process scratchpad"]
[16130][1634242175826][main][warn]["AuthHandler~open: Current app is not default protocol client - Falling back to polling mechanism."]
[16130][1634242178179][main][info]["Main~AppEvents - Received booted event for process shared"]
[16130][1634242180513][main][info]["UpdateHandler~app-update-events - Received event",{"name":"checkForElectronVersionUpdated","namespace":"appUpdate"}]
[16130][1634242180524][main][info]["Main~AppEvents - Received booted event for process scratchpad"]
[16130][1634242187724][main][info]["Main~AppEvents - Received booted event for process shared"]
[16130][1634242189942][main][info]["WindowManager~closeHandler - Closed Window (id: 8 )"]
[38038][1638038710470][main][info]["Booting Postman 8.12.4, linux-5.13.0-21-generic on x64"]
[38038][1638038710475][main][info]["EventBus~initialize - Success"]
[38038][1638038710478][main][info]["Proxy configuration has not been setup"]
[38038][1638038710479][main][info]["CloudProxyManager~init - Success"]
[38038][1638038710489][main][info]["UpdateHandler~init - Success"]
[38038][1638038711041][main][info]["RuntimeIPCAgent~started: Success"]
[38038][1638038711048][main][info]["LeaderSelection: Initialized successfully"]
[38038][1638038711245][main][info]["LinuxAutoUpdater~Cleanup - Initial cleanup successful"]
[38038][1638038711310][main][info]["GPU detected VID 4098 DID 5686 ACTIVE true"]
[38038][1638038711361][main][info]["Bootstrap-models~bootstrap - Success"]
[38038][1638038711682][main][info]["window-manager~newSharedWindow: Shell loaded"]
[38038][1638038715053][main][info]["Main~AppEvents - Received booted event for process shared"]
[38038][1638038718281][main][info]["UpdateHandler~app-update-events - Received event",{"name":"checkForElectronVersionUpdated","namespace":"appUpdate"}]
[38038][1638038718297][main][info]["Main~AppEvents - Received booted event for process scratchpad"]
[38038][1638044652619][main][info]["WindowManager~closeHandler - Closed Window (id: 3 )"]
[38038][1638044652706][main][info]["Quitting app"]
[26150][1638220384274][main][info]["Booting Postman 8.12.4, linux-5.13.0-21-generic on x64"]
[26150][1638220384277][main][info]["EventBus~initialize - Success"]
[26150][1638220384280][main][info]["Proxy configuration has not been setup"]
[26150][1638220384280][main][info]["CloudProxyManager~init - Success"]
[26150][1638220384286][main][info]["UpdateHandler~init - Success"]
[26150][1638220384669][main][info]["RuntimeIPCAgent~started: Success"]
[26150][1638220384674][main][info]["LeaderSelection: Initialized successfully"]
[26150][1638220384831][main][info]["LinuxAutoUpdater~Cleanup - Initial cleanup successful"]
[26150][1638220384860][main][info]["GPU detected VID 4098 DID 5686 ACTIVE true"]
[26150][1638220384908][main][info]["Bootstrap-models~bootstrap - Success"]
[26150][1638220385166][main][info]["window-manager~newSharedWindow: Shell loaded"]
[26150][1638220387279][main][info]["Main~AppEvents - Received booted event for process shared"]
[26150][1638220389878][main][info]["UpdateHandler~app-update-events - Received event",{"name":"checkForElectronVersionUpdated","namespace":"appUpdate"}]
[26150][1638220389889][main][info]["Main~AppEvents - Received booted event for process scratchpad"]
[26150][1638220689940][main][info]["WindowManager~closeHandler - Closed Window (id: 3 )"]
[26150][1638220689951][main][info]["Quitting app"]
