[17505][1634141870912][scratchpad][info]["EventBus~initialize - Success"]
[17505][1634141870914][scratchpad][info]["Messaging~boot - Success"]
[17505][1634141870932][scratchpad][info]["bootCrashReporter~ Success"]
[17505][1634141870933][scratchpad][info]["Telemetry~boot - Success"]
[17505][1634141870933][scratchpad][info]["bootConfigurations~initialize - Success"]
[17505][1634141870935][scratchpad][info]["Settings~boot - Success"]
[17505][1634141871017][scratchpad][info]["bootstrapModels - Success"]
[17505][1634141871018][scratchpad][info]["WLModels~boot - Success"]
[17505][1634141871027][scratchpad][info]["Session~boot - Success"]
[17505][1634141871030][scratchpad][info]["IndependentServices~boot - Success"]
[17505][1634141871044][scratchpad][info]["AppModels~boot - Success"]
[17505][1634141871067][scratchpad][info]["Sync~boot - Success"]
[17505][1634141871077][scratchpad][error]["WorkspaceSessionController~getActiveSession: WorkspaceSession not found in db"]
[17505][1634141871082][scratchpad][error]["ActiveWorkspaceSessionStore: Initial Hydration Failed once"]
[17505][1634141871094][scratchpad][info]["PostUpdateBackup~init: Success"]
[17505][1634141871096][scratchpad][info]["Shared~boot - Success"]
[17505][1634141871096][scratchpad][info]["DBWatcher~boot - Success"]
[17505][1634141871098][scratchpad][info]["ThemeManager~boot - Success"]
[17505][1634141871099][scratchpad][info]["WorkbenchService~boot - Success"]
[17505][1634141871099][scratchpad][info]["ContextBarRegistry~boot - Success"]
[17505][1634141871099][scratchpad][info]["Store~boot - Success"]
[17505][1634141871101][scratchpad][info]["Shortcuts~boot - Success"]
[17505][1634141871106][scratchpad][error]["WorkspaceSessionController~getActiveSession: WorkspaceSession not found in db"]
[17505][1634141871107][scratchpad][error]["ActiveWorkspaceSessionStore: Initial Hydration Failed twice",{"name":"Error","message":"WorkspaceSessionController~getActiveSession: WorkspaceSession not found in db","stack":"Error: WorkspaceSessionController~getActiveSession: WorkspaceSession not found in db\n    at file:///home/max/Downloads/Postman-linux-x86_64-8.12.4/Postman/app/resources/app/js/vendor-shared.js:306029:35"}]
[17505][1634141871125][scratchpad][info]["NewConsole~boot - Success"]
[17505][1634141871129][scratchpad][info]["APIDevInterface~boot - Success"]
[17505][1634141871138][scratchpad][info]["Attempting to create IPCNode to proxy_node_process"]
[17505][1634141871145][scratchpad][info]["Requester~boot - Success"]
[17505][1634141871146][scratchpad][info]["SharedRuntimeListeners~boot - Success"]
[17505][1634141871147][scratchpad][info]["booted - scratchpad"]
[17505][1634141871303][scratchpad][info]["NavigationService ~ [BROWSER] Transitioning io the initial route with the URL:","home"]
[17505][1634141871381][scratchpad][info]["CloudProxyHandler: Proxy configuration has not been setup"]
[17505][1634141871382][scratchpad][error]["IPCNode~createClient~something wrong connecting to the IPC server",{"errno":"ENOENT","code":"ENOENT","syscall":"connect","address":"/home/max/.config/Postman/proxy_node_process_prod.sock","name":"Error","message":"connect ENOENT /home/max/.config/Postman/proxy_node_process_prod.sock","stack":"Error: connect ENOENT /home/max/.config/Postman/proxy_node_process_prod.sock\n    at PipeConnectWrap.afterConnect [as oncomplete] (net.js:1141:16)"}]
[17505][1634141871859][scratchpad][info]["SessionValidation - Registering listener"]
[17505][1634141871869][scratchpad][info]["UI pulled the session locked information on init"]
[17505][1634141885402][scratchpad][warn]["ActiveViewManager~popActiveView: Cannot pop the last active view"]
[16130][1634242170928][scratchpad][info]["EventBus~initialize - Success"]
[16130][1634242170930][scratchpad][info]["Messaging~boot - Success"]
[16130][1634242170959][scratchpad][info]["bootCrashReporter~ Success"]
[16130][1634242170960][scratchpad][info]["Telemetry~boot - Success"]
[16130][1634242170961][scratchpad][info]["bootConfigurations~initialize - Success"]
[16130][1634242170964][scratchpad][info]["Settings~boot - Success"]
[16130][1634242171063][scratchpad][info]["bootstrapModels - Success"]
[16130][1634242171063][scratchpad][info]["WLModels~boot - Success"]
[16130][1634242171077][scratchpad][info]["Session~boot - Success"]
[16130][1634242171079][scratchpad][info]["IndependentServices~boot - Success"]
[16130][1634242171090][scratchpad][info]["AppModels~boot - Success"]
[16130][1634242171116][scratchpad][info]["Sync~boot - Success"]
[16130][1634242171129][scratchpad][error]["WorkspaceSessionController~getActiveSession: WorkspaceSession not found in db"]
[16130][1634242171137][scratchpad][error]["ActiveWorkspaceSessionStore: Initial Hydration Failed once"]
[16130][1634242171151][scratchpad][info]["PostUpdateBackup~init: Success"]
[16130][1634242171154][scratchpad][info]["Shared~boot - Success"]
[16130][1634242171155][scratchpad][info]["DBWatcher~boot - Success"]
[16130][1634242171157][scratchpad][info]["ThemeManager~boot - Success"]
[16130][1634242171158][scratchpad][info]["WorkbenchService~boot - Success"]
[16130][1634242171159][scratchpad][info]["ContextBarRegistry~boot - Success"]
[16130][1634242171159][scratchpad][info]["Store~boot - Success"]
[16130][1634242171162][scratchpad][info]["Shortcuts~boot - Success"]
[16130][1634242171178][scratchpad][error]["WorkspaceSessionController~getActiveSession: WorkspaceSession not found in db"]
[16130][1634242171180][scratchpad][error]["ActiveWorkspaceSessionStore: Initial Hydration Failed twice",{"name":"Error","message":"WorkspaceSessionController~getActiveSession: WorkspaceSession not found in db","stack":"Error: WorkspaceSessionController~getActiveSession: WorkspaceSession not found in db\n    at file:///home/max/Apps/postman/Postman/app/resources/app/js/vendor-shared.js:306029:35"}]
[16130][1634242171198][scratchpad][info]["NewConsole~boot - Success"]
[16130][1634242171200][scratchpad][info]["APIDevInterface~boot - Success"]
[16130][1634242171214][scratchpad][info]["Attempting to create IPCNode to proxy_node_process"]
[16130][1634242171223][scratchpad][info]["Requester~boot - Success"]
[16130][1634242171224][scratchpad][info]["SharedRuntimeListeners~boot - Success"]
[16130][1634242171225][scratchpad][info]["booted - scratchpad"]
[16130][1634242171434][scratchpad][info]["NavigationService ~ [BROWSER] Transitioning io the initial route with the URL:","workspace/29ba1c6f-43ab-4e23-8a6c-27c39a57a069"]
[16130][1634242171544][scratchpad][info]["CloudProxyHandler: Proxy configuration has not been setup"]
[16130][1634242171544][scratchpad][error]["IPCNode~createClient~something wrong connecting to the IPC server",{"errno":"ENOENT","code":"ENOENT","syscall":"connect","address":"/home/max/.config/Postman/proxy_node_process_prod.sock","name":"Error","message":"connect ENOENT /home/max/.config/Postman/proxy_node_process_prod.sock","stack":"Error: connect ENOENT /home/max/.config/Postman/proxy_node_process_prod.sock\n    at PipeConnectWrap.afterConnect [as oncomplete] (net.js:1141:16)"}]
[16130][1634242173032][scratchpad][info]["SessionValidation - Registering listener"]
[16130][1634242173129][scratchpad][info]["UI pulled the session locked information on init"]
[16130][1634242180298][scratchpad][info]["EventBus~initialize - Success"]
[16130][1634242180300][scratchpad][info]["Messaging~boot - Success"]
[16130][1634242180318][scratchpad][info]["bootCrashReporter~ Success"]
[16130][1634242180319][scratchpad][info]["Telemetry~boot - Success"]
[16130][1634242180320][scratchpad][info]["bootConfigurations~initialize - Success"]
[16130][1634242180321][scratchpad][info]["Settings~boot - Success"]
[16130][1634242180405][scratchpad][info]["bootstrapModels - Success"]
[16130][1634242180405][scratchpad][info]["WLModels~boot - Success"]
[16130][1634242180414][scratchpad][info]["Session~boot - Success"]
[16130][1634242180417][scratchpad][info]["IndependentServices~boot - Success"]
[16130][1634242180426][scratchpad][info]["AppModels~boot - Success"]
[16130][1634242180445][scratchpad][info]["Sync~boot - Success"]
[16130][1634242180455][scratchpad][error]["WorkspaceSessionController~getActiveSession: WorkspaceSession not found in db"]
[16130][1634242180461][scratchpad][error]["ActiveWorkspaceSessionStore: Initial Hydration Failed once"]
[16130][1634242180470][scratchpad][info]["PostUpdateBackup~init: Success"]
[16130][1634242180471][scratchpad][info]["Shared~boot - Success"]
[16130][1634242180472][scratchpad][info]["DBWatcher~boot - Success"]
[16130][1634242180473][scratchpad][info]["ThemeManager~boot - Success"]
[16130][1634242180474][scratchpad][info]["WorkbenchService~boot - Success"]
[16130][1634242180474][scratchpad][info]["ContextBarRegistry~boot - Success"]
[16130][1634242180475][scratchpad][info]["Store~boot - Success"]
[16130][1634242180476][scratchpad][info]["Shortcuts~boot - Success"]
[16130][1634242180485][scratchpad][error]["WorkspaceSessionController~getActiveSession: WorkspaceSession not found in db"]
[16130][1634242180486][scratchpad][error]["ActiveWorkspaceSessionStore: Initial Hydration Failed twice",{"name":"Error","message":"WorkspaceSessionController~getActiveSession: WorkspaceSession not found in db","stack":"Error: WorkspaceSessionController~getActiveSession: WorkspaceSession not found in db\n    at file:///home/max/Apps/postman/Postman/app/resources/app/js/vendor-shared.js:306029:35"}]
[16130][1634242180501][scratchpad][info]["NewConsole~boot - Success"]
[16130][1634242180504][scratchpad][info]["APIDevInterface~boot - Success"]
[16130][1634242180515][scratchpad][info]["Attempting to create IPCNode to proxy_node_process"]
[16130][1634242180521][scratchpad][info]["Requester~boot - Success"]
[16130][1634242180522][scratchpad][info]["SharedRuntimeListeners~boot - Success"]
[16130][1634242180523][scratchpad][info]["booted - scratchpad"]
[16130][1634242180653][scratchpad][info]["NavigationService ~ [BROWSER] Transitioning io the initial route with the URL:","workspace/29ba1c6f-43ab-4e23-8a6c-27c39a57a069"]
[16130][1634242180748][scratchpad][info]["CloudProxyHandler: Proxy configuration has not been setup"]
[16130][1634242180748][scratchpad][error]["IPCNode~createClient~something wrong connecting to the IPC server",{"errno":"ENOENT","code":"ENOENT","syscall":"connect","address":"/home/max/.config/Postman/proxy_node_process_prod.sock","name":"Error","message":"connect ENOENT /home/max/.config/Postman/proxy_node_process_prod.sock","stack":"Error: connect ENOENT /home/max/.config/Postman/proxy_node_process_prod.sock\n    at PipeConnectWrap.afterConnect [as oncomplete] (net.js:1141:16)"}]
[16130][1634242181272][scratchpad][info]["SessionValidation - Registering listener"]
[16130][1634242181287][scratchpad][info]["UI pulled the session locked information on init"]
[38038][1638038718049][scratchpad][info]["EventBus~initialize - Success"]
[38038][1638038718051][scratchpad][info]["Messaging~boot - Success"]
[38038][1638038718077][scratchpad][info]["bootCrashReporter~ Success"]
[38038][1638038718079][scratchpad][info]["Telemetry~boot - Success"]
[38038][1638038718080][scratchpad][info]["bootConfigurations~initialize - Success"]
[38038][1638038718083][scratchpad][info]["Settings~boot - Success"]
[38038][1638038718164][scratchpad][info]["bootstrapModels - Success"]
[38038][1638038718165][scratchpad][info]["WLModels~boot - Success"]
[38038][1638038718178][scratchpad][info]["Session~boot - Success"]
[38038][1638038718182][scratchpad][info]["IndependentServices~boot - Success"]
[38038][1638038718195][scratchpad][info]["AppModels~boot - Success"]
[38038][1638038718221][scratchpad][info]["Sync~boot - Success"]
[38038][1638038718242][scratchpad][info]["PostUpdateBackup~init: Success"]
[38038][1638038718244][scratchpad][info]["Shared~boot - Success"]
[38038][1638038718245][scratchpad][info]["DBWatcher~boot - Success"]
[38038][1638038718248][scratchpad][info]["ThemeManager~boot - Success"]
[38038][1638038718249][scratchpad][info]["WorkbenchService~boot - Success"]
[38038][1638038718249][scratchpad][info]["ContextBarRegistry~boot - Success"]
[38038][1638038718250][scratchpad][info]["Store~boot - Success"]
[38038][1638038718252][scratchpad][info]["Shortcuts~boot - Success"]
[38038][1638038718269][scratchpad][info]["NewConsole~boot - Success"]
[38038][1638038718274][scratchpad][info]["APIDevInterface~boot - Success"]
[38038][1638038718283][scratchpad][info]["Attempting to create IPCNode to proxy_node_process"]
[38038][1638038718290][scratchpad][info]["Requester~boot - Success"]
[38038][1638038718291][scratchpad][info]["SharedRuntimeListeners~boot - Success"]
[38038][1638038718293][scratchpad][info]["booted - scratchpad"]
[38038][1638038718473][scratchpad][info]["NavigationService ~ [BROWSER] Transitioning io the initial route with the URL:","workspace/29ba1c6f-43ab-4e23-8a6c-27c39a57a069"]
[38038][1638038718490][scratchpad][info]["CloudProxyHandler: Proxy configuration has not been setup"]
[38038][1638038718491][scratchpad][error]["IPCNode~createClient~something wrong connecting to the IPC server",{"errno":"ENOENT","code":"ENOENT","syscall":"connect","address":"/home/max/.config/Postman/proxy_node_process_prod.sock","name":"Error","message":"connect ENOENT /home/max/.config/Postman/proxy_node_process_prod.sock","stack":"Error: connect ENOENT /home/max/.config/Postman/proxy_node_process_prod.sock\n    at PipeConnectWrap.afterConnect [as oncomplete] (net.js:1141:16)"}]
[38038][1638038720026][scratchpad][info]["SessionValidation - Registering listener"]
[38038][1638038720140][scratchpad][info]["UI pulled the session locked information on init"]
[26150][1638220389693][scratchpad][info]["EventBus~initialize - Success"]
[26150][1638220389694][scratchpad][info]["Messaging~boot - Success"]
[26150][1638220389714][scratchpad][info]["bootCrashReporter~ Success"]
[26150][1638220389715][scratchpad][info]["Telemetry~boot - Success"]
[26150][1638220389716][scratchpad][info]["bootConfigurations~initialize - Success"]
[26150][1638220389718][scratchpad][info]["Settings~boot - Success"]
[26150][1638220389783][scratchpad][info]["bootstrapModels - Success"]
[26150][1638220389783][scratchpad][info]["WLModels~boot - Success"]
[26150][1638220389793][scratchpad][info]["Session~boot - Success"]
[26150][1638220389795][scratchpad][info]["IndependentServices~boot - Success"]
[26150][1638220389800][scratchpad][info]["AppModels~boot - Success"]
[26150][1638220389817][scratchpad][info]["Sync~boot - Success"]
[26150][1638220389831][scratchpad][info]["PostUpdateBackup~init: Success"]
[26150][1638220389832][scratchpad][info]["Shared~boot - Success"]
[26150][1638220389833][scratchpad][info]["DBWatcher~boot - Success"]
[26150][1638220389834][scratchpad][info]["ThemeManager~boot - Success"]
[26150][1638220389835][scratchpad][info]["WorkbenchService~boot - Success"]
[26150][1638220389835][scratchpad][info]["ContextBarRegistry~boot - Success"]
[26150][1638220389836][scratchpad][info]["Store~boot - Success"]
[26150][1638220389837][scratchpad][info]["Shortcuts~boot - Success"]
[26150][1638220389853][scratchpad][info]["NewConsole~boot - Success"]
[26150][1638220389862][scratchpad][info]["APIDevInterface~boot - Success"]
[26150][1638220389879][scratchpad][info]["Attempting to create IPCNode to proxy_node_process"]
[26150][1638220389884][scratchpad][info]["Requester~boot - Success"]
[26150][1638220389885][scratchpad][info]["SharedRuntimeListeners~boot - Success"]
[26150][1638220389886][scratchpad][info]["booted - scratchpad"]
[26150][1638220390016][scratchpad][info]["NavigationService ~ [BROWSER] Transitioning io the initial route with the URL:","workspace/29ba1c6f-43ab-4e23-8a6c-27c39a57a069"]
[26150][1638220390144][scratchpad][info]["CloudProxyHandler: Proxy configuration has not been setup"]
[26150][1638220390144][scratchpad][error]["IPCNode~createClient~something wrong connecting to the IPC server",{"errno":"ENOENT","code":"ENOENT","syscall":"connect","address":"/home/max/.config/Postman/proxy_node_process_prod.sock","name":"Error","message":"connect ENOENT /home/max/.config/Postman/proxy_node_process_prod.sock","stack":"Error: connect ENOENT /home/max/.config/Postman/proxy_node_process_prod.sock\n    at PipeConnectWrap.afterConnect [as oncomplete] (net.js:1141:16)"}]
[26150][1638220391335][scratchpad][info]["SessionValidation - Registering listener"]
[26150][1638220391416][scratchpad][info]["UI pulled the session locked information on init"]
