[17505][1634141866250][shell][info]["EventBus~initialize - Success"]
[17505][1634141866263][shell][info]["bootShellCrashReporter~ Success"]
[17505][1634141866279][shell][info]["shellController~init: Success"]
[17505][1634141866279][shell][info]["shellMeta~init: Success"]
[17505][1634141866279][shell][info]["partitionMigrationService: State of V7 partition:"]
[17505][1634141866279][shell][info]["partitionMigrationService: V7 partitions",[]]
[17505][1634141866280][shell][info]["partitionMigrationService: V7 lastActiveUser",null]
[17505][1634141866280][shell][info]["partitionMigrationService: V7 activePartition",null]
[17505][1634141866280][shell][info]["partitionMigrationService: V7 isPartitionDirty",null]
[17505][1634141866280][shell][info]["partitionMigrationService~rectifyNamespaceOfScratchPadPartition: There is no partition with scratchpad namespace"]
[17505][1634141866280][shell][info]["partitionMigrationService~rectifyNamespaceOfScratchPadPartition: There is no transit partition which could have been used for scratchpad"]
[17505][1634141866280][shell][info]["partitionMigrationService~init: Success"]
[17505][1634141866281][shell][info]["partitionMigrationService~runV8PartitionsIntegrity: Two way migration~ removing the following partitions from v8",[]]
[17505][1634141866281][shell][info]["userPartitionService~_rectifyTheActivePartitionOfApplication: Setting the active partition to ",null]
[17505][1634141866281][shell][info]["userPartitionService~init: Success"]
[17505][1634141866282][shell][info]["userPartitionService: State of v8 partition system:"]
[17505][1634141866282][shell][info]["userPartitionService: List of partitions:",[]]
[17505][1634141866282][shell][info]["userPartitionService: users global meta:",{"activePartition":null}]
[17505][1634141866283][shell][info]["shell~init~loadView: loading scratchpad partition"]
[17505][1634141866288][shell][info]["shell~init~loadView: loading active partition","245bbd32-ab4e-4210-9402-da7906d51d64"]
[17505][1634141866289][shell][info]["init~setViewAttributes - Initializing view with opts:",{"id":2,"type":"shared","startTime":1634141866005,"devtools":false,"partitionId":"245bbd32-ab4e-4210-9402-da7906d51d64"}]
[17505][1634141866289][shell][info]["Shell~init~setViewAttributes: passing scratchpad partition id as ","245bbd32-ab4e-4210-9402-da7906d51d64"]
[17505][1634141866289][shell][info]["Shell~init~setViewAttributes: do we have any logged in users? ",false]
[17505][1634141866290][shell][info]["init~setViewAttributes - Success"]
[17505][1634141868741][shell][info]["Shell~init~sendUsersDataToRenderer",[]]
[17505][1634141868742][shell][info]["Shell~init~requestTeamIdIfV7Partition: requesting user context from requester web view"]
[17505][1634141868810][shell][info]["Shell~init~attachShellIPCListeners: Received user context from requester web view",{"userId":"0","teamId":"0"}]
[17505][1634141868985][shell][info]["EventBus~initialize - Success"]
[17505][1634141868993][shell][info]["bootShellCrashReporter~ Success"]
[17505][1634141869005][shell][info]["userPartitionService: State of v8 partition system:"]
[17505][1634141869006][shell][info]["userPartitionService: List of partitions:",[{"partitionId":"245bbd32-ab4e-4210-9402-da7906d51d64","namespace":"scratchPad","userId":0,"teamId":0,"isDirty":false}]]
[17505][1634141869007][shell][info]["userPartitionService: users global meta:",{"activePartition":"245bbd32-ab4e-4210-9402-da7906d51d64"}]
[17505][1634141869007][shell][info]["shell~init~loadView: loading active partition"]
[17505][1634141869008][shell][info]["shell~init~loadView: loading active partition","245bbd32-ab4e-4210-9402-da7906d51d64"]
[17505][1634141869009][shell][info]["init~setViewAttributes - Initializing view with opts:",{"id":3,"type":"requester","startTime":1634141868775,"devtools":false,"primaryId":3,"allIds":[3],"partitionId":"245bbd32-ab4e-4210-9402-da7906d51d64"}]
[17505][1634141869009][shell][info]["Shell~init~setViewAttributes: passing scratchpad partition id as ","245bbd32-ab4e-4210-9402-da7906d51d64"]
[17505][1634141869010][shell][info]["Shell~init~setViewAttributes: do we have any logged in users? ",false]
[17505][1634141869010][shell][info]["init~setViewAttributes - Success"]
[17505][1634141871152][shell][info]["Shell~init~sendUsersDataToRenderer",[]]
[17505][1634141871191][shell][info]["Shell~init~sendUsersDataToRenderer",[]]
[16130][1634242164718][shell][info]["EventBus~initialize - Success"]
[16130][1634242164731][shell][info]["bootShellCrashReporter~ Success"]
[16130][1634242164748][shell][info]["shellController~init: Success"]
[16130][1634242164748][shell][info]["shellMeta~init: Success"]
[16130][1634242164749][shell][info]["partitionMigrationService: State of V7 partition:"]
[16130][1634242164749][shell][info]["partitionMigrationService: V7 partitions",[]]
[16130][1634242164749][shell][info]["partitionMigrationService: V7 lastActiveUser",null]
[16130][1634242164749][shell][info]["partitionMigrationService: V7 activePartition",null]
[16130][1634242164750][shell][info]["partitionMigrationService: V7 isPartitionDirty",null]
[16130][1634242164750][shell][info]["partitionMigrationService~init: Success"]
[16130][1634242164751][shell][info]["partitionMigrationService~runV8PartitionsIntegrity: Two way migration~ removing the following partitions from v8",[]]
[16130][1634242164751][shell][info]["userPartitionService~_rectifyTheActivePartitionOfApplication: Setting the active partition to ",null]
[16130][1634242164752][shell][info]["userPartitionService~init: Success"]
[16130][1634242164753][shell][info]["userPartitionService: State of v8 partition system:"]
[16130][1634242164753][shell][info]["userPartitionService: List of partitions:",[{"partitionId":"245bbd32-ab4e-4210-9402-da7906d51d64","namespace":"scratchPad","userId":0,"teamId":0,"isDirty":false}]]
[16130][1634242164753][shell][info]["userPartitionService: users global meta:",{"activePartition":null}]
[16130][1634242164754][shell][info]["shell~init~loadView: loading scratchpad partition"]
[16130][1634242164754][shell][info]["shell~init~loadView: loading active partition","245bbd32-ab4e-4210-9402-da7906d51d64"]
[16130][1634242164755][shell][info]["init~setViewAttributes - Initializing view with opts:",{"id":2,"type":"shared","startTime":1634242164404,"devtools":false,"partitionId":"245bbd32-ab4e-4210-9402-da7906d51d64"}]
[16130][1634242164757][shell][info]["Shell~init~setViewAttributes: passing scratchpad partition id as ","245bbd32-ab4e-4210-9402-da7906d51d64"]
[16130][1634242164757][shell][info]["Shell~init~setViewAttributes: do we have any logged in users? ",false]
[16130][1634242164758][shell][info]["init~setViewAttributes - Success"]
[16130][1634242167655][shell][info]["Shell~init~sendUsersDataToRenderer",[]]
[16130][1634242167656][shell][info]["Shell~init~requestTeamIdIfV7Partition: requesting user context from requester web view"]
[16130][1634242167703][shell][info]["Shell~init~attachShellIPCListeners: Received user context from requester web view",{"userId":"0","teamId":"0"}]
[16130][1634242167988][shell][info]["EventBus~initialize - Success"]
[16130][1634242168000][shell][info]["bootShellCrashReporter~ Success"]
[16130][1634242168016][shell][info]["userPartitionService: State of v8 partition system:"]
[16130][1634242168017][shell][info]["userPartitionService: List of partitions:",[{"partitionId":"245bbd32-ab4e-4210-9402-da7906d51d64","namespace":"scratchPad","userId":0,"teamId":0,"isDirty":false}]]
[16130][1634242168018][shell][info]["userPartitionService: users global meta:",{"activePartition":"245bbd32-ab4e-4210-9402-da7906d51d64"}]
[16130][1634242168018][shell][info]["shell~init~loadView: loading active partition"]
[16130][1634242168019][shell][info]["shell~init~loadView: loading active partition","245bbd32-ab4e-4210-9402-da7906d51d64"]
[16130][1634242168020][shell][info]["init~setViewAttributes - Initializing view with opts:",{"id":3,"type":"requester","startTime":1634242167690,"devtools":false,"primaryId":3,"allIds":[3],"partitionId":"245bbd32-ab4e-4210-9402-da7906d51d64"}]
[16130][1634242168021][shell][info]["Shell~init~setViewAttributes: passing scratchpad partition id as ","245bbd32-ab4e-4210-9402-da7906d51d64"]
[16130][1634242168021][shell][info]["Shell~init~setViewAttributes: do we have any logged in users? ",false]
[16130][1634242168022][shell][info]["init~setViewAttributes - Success"]
[16130][1634242171238][shell][info]["Shell~init~sendUsersDataToRenderer",[]]
[16130][1634242171294][shell][info]["Shell~init~sendUsersDataToRenderer",[]]
[16130][1634242175555][shell][info]["Shell~init~addNewUser: using transit partition","a175a476-4be2-4c9f-ac83-846ef8cd2c19"]
[16130][1634242175555][shell][info]["shell~init~loadView: loading active partition","a175a476-4be2-4c9f-ac83-846ef8cd2c19"]
[16130][1634242175558][shell][info]["init~setViewAttributes - Initializing view with opts:",{"id":2,"partitionId":"a175a476-4be2-4c9f-ac83-846ef8cd2c19","newUser":true,"type":"shared"}]
[16130][1634242175559][shell][info]["Shell~init~setViewAttributes: passing scratchpad partition id as ","245bbd32-ab4e-4210-9402-da7906d51d64"]
[16130][1634242175559][shell][info]["Shell~init~setViewAttributes: do we have any logged in users? ",false]
[16130][1634242175559][shell][info]["init~setViewAttributes - Success"]
[16130][1634242178180][shell][info]["Shell~init~sendUsersDataToRenderer",[]]
[16130][1634242178386][shell][info]["EventBus~initialize - Success"]
[16130][1634242178394][shell][info]["bootShellCrashReporter~ Success"]
[16130][1634242178405][shell][info]["userPartitionService: State of v8 partition system:"]
[16130][1634242178406][shell][info]["userPartitionService: List of partitions:",[{"partitionId":"a175a476-4be2-4c9f-ac83-846ef8cd2c19","namespace":"users","userId":0,"teamId":0,"lastUpdated":"2021-10-14T20:09:35.554Z"},{"partitionId":"245bbd32-ab4e-4210-9402-da7906d51d64","namespace":"scratchPad","userId":0,"teamId":0,"isDirty":false}]]
[16130][1634242178406][shell][info]["userPartitionService: users global meta:",{"activePartition":"a175a476-4be2-4c9f-ac83-846ef8cd2c19"}]
[16130][1634242178406][shell][info]["shell~init~loadView: loading active partition"]
[16130][1634242178407][shell][info]["shell~init~loadView: loading active partition","a175a476-4be2-4c9f-ac83-846ef8cd2c19"]
[16130][1634242178407][shell][info]["init~setViewAttributes - Initializing view with opts:",{"id":6,"type":"requester","startTime":1634242178192,"devtools":false,"primaryId":6,"allIds":[6],"partitionId":"a175a476-4be2-4c9f-ac83-846ef8cd2c19"}]
[16130][1634242178408][shell][info]["Shell~init~setViewAttributes: passing scratchpad partition id as ","245bbd32-ab4e-4210-9402-da7906d51d64"]
[16130][1634242178408][shell][info]["Shell~init~setViewAttributes: do we have any logged in users? ",false]
[16130][1634242178409][shell][info]["init~setViewAttributes - Success"]
[16130][1634242180525][shell][info]["Shell~init~sendUsersDataToRenderer",[]]
[16130][1634242180559][shell][info]["Shell~init~sendUsersDataToRenderer",[]]
[16130][1634242184872][shell][info]["Shell~init~cancelUserLogin"]
[16130][1634242184873][shell][info]["Shell~init~cancelUserLogin: there is no recent user to switch. Loading scratchPad"]
[16130][1634242184873][shell][info]["Shell~init~cancelUserLogin: switching to partition","245bbd32-ab4e-4210-9402-da7906d51d64"]
[16130][1634242184873][shell][info]["Shell~init~switchPartition: switching to partition","245bbd32-ab4e-4210-9402-da7906d51d64"]
[16130][1634242184901][shell][info]["shell~init~loadView: loading active partition","245bbd32-ab4e-4210-9402-da7906d51d64"]
[16130][1634242184902][shell][info]["init~setViewAttributes - Initializing view with opts:",{"id":2,"partitionId":"245bbd32-ab4e-4210-9402-da7906d51d64","switchUser":true,"type":"shared"}]
[16130][1634242184903][shell][info]["Shell~init~setViewAttributes: passing scratchpad partition id as ","245bbd32-ab4e-4210-9402-da7906d51d64"]
[16130][1634242184903][shell][info]["Shell~init~setViewAttributes: do we have any logged in users? ",false]
[16130][1634242184904][shell][info]["init~setViewAttributes - Success"]
[16130][1634242187724][shell][info]["Shell~init~sendUsersDataToRenderer",[]]
[16130][1634242187724][shell][info]["Shell~init~requestTeamIdIfV7Partition: requesting user context from requester web view"]
[16130][1634242187753][shell][info]["Shell~init~attachShellIPCListeners: Received user context from requester web view",{"userId":"0","teamId":"0"}]
[16130][1634242188014][shell][info]["EventBus~initialize - Success"]
[16130][1634242188025][shell][info]["bootShellCrashReporter~ Success"]
[16130][1634242188043][shell][info]["userPartitionService: State of v8 partition system:"]
[16130][1634242188044][shell][info]["userPartitionService: List of partitions:",[{"partitionId":"a175a476-4be2-4c9f-ac83-846ef8cd2c19","namespace":"users","userId":0,"teamId":0,"lastUpdated":"2021-10-14T20:09:35.554Z"},{"partitionId":"245bbd32-ab4e-4210-9402-da7906d51d64","namespace":"scratchPad","userId":0,"teamId":0,"isDirty":false}]]
[16130][1634242188044][shell][info]["userPartitionService: users global meta:",{"activePartition":"245bbd32-ab4e-4210-9402-da7906d51d64"}]
[16130][1634242188045][shell][info]["shell~init~loadView: loading active partition"]
[16130][1634242188045][shell][info]["shell~init~loadView: loading active partition","245bbd32-ab4e-4210-9402-da7906d51d64"]
[16130][1634242188046][shell][info]["init~setViewAttributes - Initializing view with opts:",{"id":8,"type":"requester","startTime":1634242187729,"devtools":false,"primaryId":6,"allIds":[7,8],"partitionId":"245bbd32-ab4e-4210-9402-da7906d51d64"}]
[16130][1634242188048][shell][info]["Shell~init~setViewAttributes: passing scratchpad partition id as ","245bbd32-ab4e-4210-9402-da7906d51d64"]
[16130][1634242188048][shell][info]["Shell~init~setViewAttributes: do we have any logged in users? ",false]
[16130][1634242188049][shell][info]["init~setViewAttributes - Success"]
[38038][1638038711650][shell][info]["EventBus~initialize - Success"]
[38038][1638038711669][shell][info]["bootShellCrashReporter~ Success"]
[38038][1638038711691][shell][info]["shellController~init: Success"]
[38038][1638038711692][shell][info]["shellMeta~init: Success"]
[38038][1638038711692][shell][info]["partitionMigrationService: State of V7 partition:"]
[38038][1638038711693][shell][info]["partitionMigrationService: V7 partitions",[]]
[38038][1638038711693][shell][info]["partitionMigrationService: V7 lastActiveUser",null]
[38038][1638038711693][shell][info]["partitionMigrationService: V7 activePartition",null]
[38038][1638038711693][shell][info]["partitionMigrationService: V7 isPartitionDirty",null]
[38038][1638038711695][shell][info]["partitionMigrationService~init: Success"]
[38038][1638038711695][shell][info]["partitionMigrationService~runV8PartitionsIntegrity: Two way migration~ removing the following partitions from v8",[]]
[38038][1638038711696][shell][info]["userPartitionService~_rectifyTheActivePartitionOfApplication: Setting the active partition to ",null]
[38038][1638038711697][shell][info]["userPartitionService~init: Success"]
[38038][1638038711698][shell][info]["userPartitionService: State of v8 partition system:"]
[38038][1638038711698][shell][info]["userPartitionService: List of partitions:",[{"partitionId":"a175a476-4be2-4c9f-ac83-846ef8cd2c19","namespace":"users","userId":0,"teamId":0,"lastUpdated":"2021-10-14T20:09:35.554Z"},{"partitionId":"245bbd32-ab4e-4210-9402-da7906d51d64","namespace":"scratchPad","userId":0,"teamId":0,"isDirty":false}]]
[38038][1638038711699][shell][info]["userPartitionService: users global meta:",{"activePartition":null}]
[38038][1638038711699][shell][info]["shell~init~loadView: loading scratchpad partition"]
[38038][1638038711700][shell][info]["shell~init~loadView: loading active partition","245bbd32-ab4e-4210-9402-da7906d51d64"]
[38038][1638038711702][shell][info]["init~setViewAttributes - Initializing view with opts:",{"id":2,"type":"shared","startTime":1638038711132,"devtools":false,"partitionId":"245bbd32-ab4e-4210-9402-da7906d51d64"}]
[38038][1638038711703][shell][info]["Shell~init~setViewAttributes: passing scratchpad partition id as ","245bbd32-ab4e-4210-9402-da7906d51d64"]
[38038][1638038711703][shell][info]["Shell~init~setViewAttributes: do we have any logged in users? ",false]
[38038][1638038711704][shell][info]["init~setViewAttributes - Success"]
[38038][1638038715055][shell][info]["Shell~init~sendUsersDataToRenderer",[]]
[38038][1638038715056][shell][info]["Shell~init~requestTeamIdIfV7Partition: requesting user context from requester web view"]
[38038][1638038715109][shell][info]["Shell~init~attachShellIPCListeners: Received user context from requester web view",{"userId":"0","teamId":"0"}]
[38038][1638038715400][shell][info]["EventBus~initialize - Success"]
[38038][1638038715411][shell][info]["bootShellCrashReporter~ Success"]
[38038][1638038715428][shell][info]["userPartitionService: State of v8 partition system:"]
[38038][1638038715428][shell][info]["userPartitionService: List of partitions:",[{"partitionId":"a175a476-4be2-4c9f-ac83-846ef8cd2c19","namespace":"users","userId":0,"teamId":0,"lastUpdated":"2021-10-14T20:09:35.554Z"},{"partitionId":"245bbd32-ab4e-4210-9402-da7906d51d64","namespace":"scratchPad","userId":0,"teamId":0,"isDirty":false}]]
[38038][1638038715429][shell][info]["userPartitionService: users global meta:",{"activePartition":"245bbd32-ab4e-4210-9402-da7906d51d64"}]
[38038][1638038715429][shell][info]["shell~init~loadView: loading active partition"]
[38038][1638038715429][shell][info]["shell~init~loadView: loading active partition","245bbd32-ab4e-4210-9402-da7906d51d64"]
[38038][1638038715430][shell][info]["init~setViewAttributes - Initializing view with opts:",{"id":3,"type":"requester","startTime":1638038715111,"devtools":false,"primaryId":3,"allIds":[3],"partitionId":"245bbd32-ab4e-4210-9402-da7906d51d64"}]
[38038][1638038715431][shell][info]["Shell~init~setViewAttributes: passing scratchpad partition id as ","245bbd32-ab4e-4210-9402-da7906d51d64"]
[38038][1638038715431][shell][info]["Shell~init~setViewAttributes: do we have any logged in users? ",false]
[38038][1638038715432][shell][info]["init~setViewAttributes - Success"]
[38038][1638038718298][shell][info]["Shell~init~sendUsersDataToRenderer",[]]
[38038][1638038718343][shell][info]["Shell~init~sendUsersDataToRenderer",[]]
[26150][1638220385142][shell][info]["EventBus~initialize - Success"]
[26150][1638220385157][shell][info]["bootShellCrashReporter~ Success"]
[26150][1638220385170][shell][info]["shellController~init: Success"]
[26150][1638220385171][shell][info]["shellMeta~init: Success"]
[26150][1638220385171][shell][info]["partitionMigrationService: State of V7 partition:"]
[26150][1638220385171][shell][info]["partitionMigrationService: V7 partitions",[]]
[26150][1638220385171][shell][info]["partitionMigrationService: V7 lastActiveUser",null]
[26150][1638220385171][shell][info]["partitionMigrationService: V7 activePartition",null]
[26150][1638220385171][shell][info]["partitionMigrationService: V7 isPartitionDirty",null]
[26150][1638220385172][shell][info]["partitionMigrationService~init: Success"]
[26150][1638220385172][shell][info]["partitionMigrationService~runV8PartitionsIntegrity: Two way migration~ removing the following partitions from v8",[]]
[26150][1638220385173][shell][info]["userPartitionService~_rectifyTheActivePartitionOfApplication: Setting the active partition to ",null]
[26150][1638220385173][shell][info]["userPartitionService~init: Success"]
[26150][1638220385174][shell][info]["userPartitionService: State of v8 partition system:"]
[26150][1638220385174][shell][info]["userPartitionService: List of partitions:",[{"partitionId":"a175a476-4be2-4c9f-ac83-846ef8cd2c19","namespace":"users","userId":0,"teamId":0,"lastUpdated":"2021-10-14T20:09:35.554Z"},{"partitionId":"245bbd32-ab4e-4210-9402-da7906d51d64","namespace":"scratchPad","userId":0,"teamId":0,"isDirty":false}]]
[26150][1638220385174][shell][info]["userPartitionService: users global meta:",{"activePartition":null}]
[26150][1638220385174][shell][info]["shell~init~loadView: loading scratchpad partition"]
[26150][1638220385175][shell][info]["shell~init~loadView: loading active partition","245bbd32-ab4e-4210-9402-da7906d51d64"]
[26150][1638220385176][shell][info]["init~setViewAttributes - Initializing view with opts:",{"id":2,"type":"shared","startTime":1638220384742,"devtools":false,"partitionId":"245bbd32-ab4e-4210-9402-da7906d51d64"}]
[26150][1638220385177][shell][info]["Shell~init~setViewAttributes: passing scratchpad partition id as ","245bbd32-ab4e-4210-9402-da7906d51d64"]
[26150][1638220385177][shell][info]["Shell~init~setViewAttributes: do we have any logged in users? ",false]
[26150][1638220385178][shell][info]["init~setViewAttributes - Success"]
[26150][1638220387281][shell][info]["Shell~init~sendUsersDataToRenderer",[]]
[26150][1638220387282][shell][info]["Shell~init~requestTeamIdIfV7Partition: requesting user context from requester web view"]
[26150][1638220387298][shell][info]["Shell~init~attachShellIPCListeners: Received user context from requester web view",{"userId":"0","teamId":"0"}]
[26150][1638220387543][shell][info]["EventBus~initialize - Success"]
[26150][1638220387551][shell][info]["bootShellCrashReporter~ Success"]
[26150][1638220387564][shell][info]["userPartitionService: State of v8 partition system:"]
[26150][1638220387565][shell][info]["userPartitionService: List of partitions:",[{"partitionId":"a175a476-4be2-4c9f-ac83-846ef8cd2c19","namespace":"users","userId":0,"teamId":0,"lastUpdated":"2021-10-14T20:09:35.554Z"},{"partitionId":"245bbd32-ab4e-4210-9402-da7906d51d64","namespace":"scratchPad","userId":0,"teamId":0,"isDirty":false}]]
[26150][1638220387565][shell][info]["userPartitionService: users global meta:",{"activePartition":"245bbd32-ab4e-4210-9402-da7906d51d64"}]
[26150][1638220387566][shell][info]["shell~init~loadView: loading active partition"]
[26150][1638220387566][shell][info]["shell~init~loadView: loading active partition","245bbd32-ab4e-4210-9402-da7906d51d64"]
[26150][1638220387567][shell][info]["init~setViewAttributes - Initializing view with opts:",{"id":3,"type":"requester","startTime":1638220387299,"devtools":false,"primaryId":3,"allIds":[3],"partitionId":"245bbd32-ab4e-4210-9402-da7906d51d64"}]
[26150][1638220387567][shell][info]["Shell~init~setViewAttributes: passing scratchpad partition id as ","245bbd32-ab4e-4210-9402-da7906d51d64"]
[26150][1638220387568][shell][info]["Shell~init~setViewAttributes: do we have any logged in users? ",false]
[26150][1638220387568][shell][info]["init~setViewAttributes - Success"]
[26150][1638220389890][shell][info]["Shell~init~sendUsersDataToRenderer",[]]
[26150][1638220389923][shell][info]["Shell~init~sendUsersDataToRenderer",[]]
